<?xml version="1.0" encoding="UTF-8"?>
<testsuite xmlns:xsi="http://www.w3.org/2001/XMLSchema-instance" xsi:noNamespaceSchemaLocation="https://maven.apache.org/surefire/maven-surefire-plugin/xsd/surefire-test-report-3.0.xsd" version="3.0" name="com.example.hotelapplication.HotelApplicationTests" time="7.859" tests="1" errors="0" skipped="0" failures="0">
  <properties>
[...]
</properties>
  <testcase name="contextLoads" classname="com.example.hotelapplication.HotelApplicationTests" time="1.247">
    <system-out><![CDATA[15:52:52.257 [main] INFO org.springframework.test.context.support.AnnotationConfigContextLoaderUtils -- Could not detect default configuration classes for test class [com.example.hotelapplication.HotelApplicationTests]: HotelApplicationTests does not declare any static, non-private, non-final, nested classes annotated with @Configuration.
15:52:52.399 [main] INFO org.springframework.boot.test.context.SpringBootTestContextBootstrapper -- Found @SpringBootConfiguration com.example.hotelapplication.HotelApplication for test class com.example.hotelapplication.HotelApplicationTests

  .   ____          _            __ _ _
 /\\ / ___'_ __ _ _(_)_ __  __ _ \ \ \ \
( ( )\___ | '_ | '_| | '_ \/ _` | \ \ \ \
 \\/  ___)| |_)| | | | | || (_| |  ) ) ) )
  '  |____| .__|_| |_|_| |_\__, | / / / /
 =========|_|==============|___/=/_/_/_/
 :: Spring Boot ::                (v3.1.0)

2023-06-09T15:52:52.885+03:00  INFO 18624 --- [           main] c.e.h.HotelApplicationTests              : Starting HotelApplicationTests using Java 20.0.1 with PID 18624 (started by roy in /home/roy/Documents/SpringProjects/HotelApplication)
2023-06-09T15:52:52.887+03:00  INFO 18624 --- [           main] c.e.h.HotelApplicationTests              : No active profile set, falling back to 1 default profile: "default"
2023-06-09T15:52:54.106+03:00  INFO 18624 --- [           main] .s.d.r.c.RepositoryConfigurationDelegate : Bootstrapping Spring Data JPA repositories in DEFAULT mode.
2023-06-09T15:52:54.127+03:00  INFO 18624 --- [           main] .s.d.r.c.RepositoryConfigurationDelegate : Finished Spring Data repository scanning in 13 ms. Found 0 JPA repository interfaces.
2023-06-09T15:52:54.860+03:00  INFO 18624 --- [           main] com.zaxxer.hikari.HikariDataSource       : HikariPool-1 - Starting...
2023-06-09T15:52:55.488+03:00  INFO 18624 --- [           main] com.zaxxer.hikari.pool.HikariPool        : HikariPool-1 - Added connection org.postgresql.jdbc.PgConnection@59262a90
2023-06-09T15:52:55.489+03:00  INFO 18624 --- [           main] com.zaxxer.hikari.HikariDataSource       : HikariPool-1 - Start completed.
2023-06-09T15:52:55.535+03:00  INFO 18624 --- [           main] o.hibernate.jpa.internal.util.LogHelper  : HHH000204: Processing PersistenceUnitInfo [name: default]
2023-06-09T15:52:55.595+03:00  INFO 18624 --- [           main] org.hibernate.Version                    : HHH000412: Hibernate ORM core version 6.2.2.Final
2023-06-09T15:52:55.599+03:00  INFO 18624 --- [           main] org.hibernate.cfg.Environment            : HHH000406: Using bytecode reflection optimizer
2023-06-09T15:52:55.780+03:00  INFO 18624 --- [           main] o.h.b.i.BytecodeProviderInitiator        : HHH000021: Bytecode provider name : bytebuddy
2023-06-09T15:52:55.959+03:00  INFO 18624 --- [           main] o.s.o.j.p.SpringPersistenceUnitInfo      : No LoadTimeWeaver setup: ignoring JPA class transformer
2023-06-09T15:52:56.017+03:00  INFO 18624 --- [           main] org.hibernate.orm.dialect                : HHH035001: Using dialect: org.hibernate.dialect.PostgreSQL10Dialect, version: 10.0
2023-06-09T15:52:56.019+03:00  WARN 18624 --- [           main] org.hibernate.orm.deprecation            : HHH90000026: PostgreSQL10Dialect has been deprecated; use org.hibernate.dialect.PostgreSQLDialect instead
2023-06-09T15:52:56.128+03:00  INFO 18624 --- [           main] o.h.b.i.BytecodeProviderInitiator        : HHH000021: Bytecode provider name : bytebuddy
2023-06-09T15:52:56.357+03:00  INFO 18624 --- [           main] o.h.e.t.j.p.i.JtaPlatformInitiator       : HHH000490: Using JtaPlatform implementation: [org.hibernate.engine.transaction.jta.platform.internal.NoJtaPlatform]
2023-06-09T15:52:56.363+03:00  INFO 18624 --- [           main] j.LocalContainerEntityManagerFactoryBean : Initialized JPA EntityManagerFactory for persistence unit 'default'
2023-06-09T15:52:56.478+03:00  WARN 18624 --- [           main] JpaBaseConfiguration$JpaWebConfiguration : spring.jpa.open-in-view is enabled by default. Therefore, database queries may be performed during view rendering. Explicitly configure spring.jpa.open-in-view to disable this warning
2023-06-09T15:52:56.640+03:00 TRACE 18624 --- [           main] eGlobalAuthenticationAutowiredConfigurer : Eagerly initializing {securityConfig=com.example.hotelapplication.Config.SecurityConfig$$SpringCGLIB$$0@645c9f0f}
2023-06-09T15:52:56.642+03:00 DEBUG 18624 --- [           main] swordEncoderAuthenticationManagerBuilder : No authenticationProviders and no parentAuthenticationManager defined. Returning null.
2023-06-09T15:52:57.386+03:00  INFO 18624 --- [           main] o.s.b.a.e.web.EndpointLinksResolver      : Exposing 1 endpoint(s) beneath base path '/actuator'
2023-06-09T15:52:57.521+03:00  INFO 18624 --- [           main] o.s.s.web.DefaultSecurityFilterChain     : Will secure any request with [org.springframework.security.web.session.DisableEncodeUrlFilter@5afba80c, org.springframework.security.web.context.request.async.WebAsyncManagerIntegrationFilter@c4ca86a, org.springframework.security.web.context.SecurityContextHolderFilter@a72925, org.springframework.security.web.header.HeaderWriterFilter@1afabf06, org.springframework.security.web.csrf.CsrfFilter@1477d4e6, org.springframework.security.web.authentication.logout.LogoutFilter@703eead0, org.springframework.security.oauth2.client.web.OAuth2AuthorizationRequestRedirectFilter@32068aef, org.springframework.security.oauth2.client.web.OAuth2LoginAuthenticationFilter@8ab231, org.springframework.security.web.authentication.UsernamePasswordAuthenticationFilter@5b3a8bea, org.springframework.security.web.authentication.ui.DefaultLoginPageGeneratingFilter@21b2579d, org.springframework.security.web.authentication.ui.DefaultLogoutPageGeneratingFilter@7e741d6b, org.springframework.security.web.savedrequest.RequestCacheAwareFilter@4c6eaa65, org.springframework.security.web.servletapi.SecurityContextHolderAwareRequestFilter@49770ef9, org.springframework.security.web.authentication.AnonymousAuthenticationFilter@56351c02, org.springframework.security.web.access.ExceptionTranslationFilter@45964b9e, org.springframework.security.web.access.intercept.AuthorizationFilter@43120a77]
2023-06-09T15:52:58.295+03:00  INFO 18624 --- [           main] c.e.h.HotelApplicationTests              : Started HotelApplicationTests in 5.698 seconds (process running for 7.497)
]]></system-out>
  </testcase>
</testsuite>